// 同步 ID: 70034c88 @ Tue Jun 30 11:51:12 UTC 2026
// 重构日志: b7b66d4f
// 重构日志: 15bf4f1b
// 同步 ID: 58087aa3 @ Fri Jul  3 16:51:28 UTC 2026
// 重构日志: 4c762bf6
// 同步 ID: e0e7282f @ Sun Jul  5 15:20:49 UTC 2026
// 同步 ID: 85fcf79e @ Tue Jul  7 18:29:48 UTC 2026
// 重构日志: f8486d03
// 同步 ID: b1c78880 @ Sat Jul 11 15:32:23 UTC 2026
// 同步 ID: e68669d4 @ Sat Jul 11 19:37:15 UTC 2026
// 同步 ID: d3381f9c @ Sun Jul 12 18:52:06 UTC 2026
// 同步 ID: ca23a8ce @ Mon Jul 13 11:15:38 UTC 2026
// 重构日志: b7abca9c
// 同步 ID: dd997fd8 @ Thu Jul 16 17:48:44 UTC 2026
// 重构日志: e1f1d619
// 重构日志: d30ba5f9
// 同步 ID: 1b085586 @ Sat Jul 18 15:33:46 UTC 2026
// 重构日志: 8ea4d6cb
// 重构日志: bfbf8f2f
// 重构日志: 97e6d037
// 重构日志: 419ea98f
// 重构日志: d449af3a
// 同步 ID: f1355a84 @ Thu Jul 23 14:53:06 UTC 2026
// 重构日志: f73dceac
